Reachable types computed on: Tue Aug 01 09:44:01 CST 2017
com.google.gwt.http.client.RequestException
   Serialization status
      Instantiable
   Path
      'com.google.gwt.http.client.RequestException' is reachable as a subtype of type 'class java.lang.Exception'
      Started from 'java.lang.Exception'

com.google.gwt.i18n.client.impl.ConstantMap
   Serialization status
      Not serializable
   Path
      'com.google.gwt.i18n.client.impl.ConstantMap' is reachable as a subtype of type 'interface java.util.Map<java.lang.String, java.lang.Object>'
      Started from 'java.util.Map<java.lang.String, java.lang.Object>'

com.google.gwt.json.client.JSONException
   Serialization status
      Instantiable
   Path
      'com.google.gwt.json.client.JSONException' is reachable as a subtype of type 'class java.lang.Exception'
      Started from 'java.lang.Exception'

com.google.gwt.user.client.rpc.IncompatibleRemoteServiceException
   Serialization status
      Instantiable
   Path
      'com.google.gwt.user.client.rpc.IncompatibleRemoteServiceException' is reachable as a subtype of type 'class com.google.gwt.user.client.rpc.IncompatibleRemoteServiceException'
      Started from 'com.google.gwt.user.client.rpc.IncompatibleRemoteServiceException'

com.google.gwt.user.client.rpc.InvocationException
   Serialization status
      Field serializable
   Path
      'com.google.gwt.user.client.rpc.InvocationException' is reachable as a supertype of type 'class com.google.gwt.user.client.rpc.ServiceDefTarget.NoServiceEntryPointSpecifiedException'
      'com.google.gwt.user.client.rpc.ServiceDefTarget.NoServiceEntryPointSpecifiedException' is reachable as a subtype of type 'class java.lang.Exception'
      Started from 'java.lang.Exception'

com.google.gwt.user.client.rpc.SerializableException
   Serialization status
      Instantiable
   Path
      'com.google.gwt.user.client.rpc.SerializableException' is reachable as a subtype of type 'class java.lang.Exception'
      Started from 'java.lang.Exception'

com.google.gwt.user.client.rpc.SerializationException
   Serialization status
      Instantiable
   Path
      'com.google.gwt.user.client.rpc.SerializationException' is reachable as a subtype of type 'class java.lang.Exception'
      Started from 'java.lang.Exception'

com.google.gwt.user.client.rpc.ServiceDefTarget.NoServiceEntryPointSpecifiedException
   Serialization status
      Instantiable
   Path
      'com.google.gwt.user.client.rpc.ServiceDefTarget.NoServiceEntryPointSpecifiedException' is reachable as a subtype of type 'class java.lang.Exception'
      Started from 'java.lang.Exception'

com.google.gwt.xml.client.DOMException
   Serialization status
      Field serializable
   Path
      'com.google.gwt.xml.client.DOMException' is reachable as a supertype of type 'class com.google.gwt.xml.client.impl.DOMParseException'
      'com.google.gwt.xml.client.impl.DOMParseException' is reachable as a subtype of type 'class java.lang.Exception'
      Started from 'java.lang.Exception'

com.google.gwt.xml.client.impl.DOMNodeException
   Serialization status
      Not serializable
   Path
      'com.google.gwt.xml.client.impl.DOMNodeException' is reachable as a subtype of type 'class java.lang.Exception'
      Started from 'java.lang.Exception'

com.google.gwt.xml.client.impl.DOMParseException
   Serialization status
      Instantiable
   Path
      'com.google.gwt.xml.client.impl.DOMParseException' is reachable as a subtype of type 'class java.lang.Exception'
      Started from 'java.lang.Exception'

com.vtradex.thorn.client.exception.BaseAlertException
   Serialization status
      Instantiable
   Path
      'com.vtradex.thorn.client.exception.BaseAlertException' is reachable as a subtype of type 'class java.lang.Exception'
      Started from 'java.lang.Exception'

com.vtradex.thorn.client.exception.BaseException
   Serialization status
      Instantiable
   Path
      'com.vtradex.thorn.client.exception.BaseException' is reachable as a supertype of type 'class com.vtradex.thorn.client.exception.BaseAlertException'
      'com.vtradex.thorn.client.exception.BaseAlertException' is reachable as a subtype of type 'class java.lang.Exception'
      Started from 'java.lang.Exception'

com.vtradex.thorn.client.exception.ConfigContextAlertException
   Serialization status
      Instantiable
   Path
      'com.vtradex.thorn.client.exception.ConfigContextAlertException' is reachable as a subtype of type 'class java.lang.Exception'
      Started from 'java.lang.Exception'

com.vtradex.thorn.client.exception.ReadTimeOutException
   Serialization status
      Instantiable
   Path
      'com.vtradex.thorn.client.exception.ReadTimeOutException' is reachable as a subtype of type 'class java.lang.Exception'
      Started from 'java.lang.Exception'

com.vtradex.thorn.client.exception.RemoteQueryException
   Serialization status
      Instantiable
   Path
      'com.vtradex.thorn.client.exception.RemoteQueryException' is reachable as a subtype of type 'class java.lang.Exception'
      Started from 'java.lang.Exception'

com.vtradex.thorn.client.exception.SessionTimeOutException
   Serialization status
      Instantiable
   Path
      'com.vtradex.thorn.client.exception.SessionTimeOutException' is reachable as a subtype of type 'class java.lang.Exception'
      Started from 'java.lang.Exception'

com.vtradex.thorn.client.exception.ThornRuntimeException
   Serialization status
      Instantiable
   Path
      'com.vtradex.thorn.client.exception.ThornRuntimeException' is reachable as a subtype of type 'class java.lang.Exception'
      Started from 'java.lang.Exception'

java.lang.ArithmeticException
   Serialization status
      Instantiable
   Path
      'java.lang.ArithmeticException' is reachable as a subtype of type 'class java.lang.Exception'
      Started from 'java.lang.Exception'

java.lang.ArrayIndexOutOfBoundsException
   Serialization status
      Instantiable
   Path
      'java.lang.ArrayIndexOutOfBoundsException' is reachable as a subtype of type 'class java.lang.Exception'
      Started from 'java.lang.Exception'

java.lang.ArrayStoreException
   Serialization status
      Instantiable
   Path
      'java.lang.ArrayStoreException' is reachable as a subtype of type 'class java.lang.Exception'
      Started from 'java.lang.Exception'

java.lang.ClassCastException
   Serialization status
      Instantiable
   Path
      'java.lang.ClassCastException' is reachable as a subtype of type 'class java.lang.Exception'
      Started from 'java.lang.Exception'

java.lang.Exception
   Serialization status
      Instantiable
   Path
      'java.lang.Exception' is reachable as a supertype of type 'class java.lang.RuntimeException'
      'java.lang.RuntimeException' is reachable as a supertype of type 'class com.google.gwt.user.client.rpc.IncompatibleRemoteServiceException'
      'com.google.gwt.user.client.rpc.IncompatibleRemoteServiceException' is reachable as a subtype of type 'class com.google.gwt.user.client.rpc.IncompatibleRemoteServiceException'
      Started from 'com.google.gwt.user.client.rpc.IncompatibleRemoteServiceException'

java.lang.IllegalArgumentException
   Serialization status
      Instantiable
   Path
      'java.lang.IllegalArgumentException' is reachable as a supertype of type 'class java.lang.NumberFormatException'
      'java.lang.NumberFormatException' is reachable as a subtype of type 'class java.lang.Exception'
      Started from 'java.lang.Exception'

java.lang.IllegalStateException
   Serialization status
      Instantiable
   Path
      'java.lang.IllegalStateException' is reachable as a subtype of type 'class java.lang.Exception'
      Started from 'java.lang.Exception'

java.lang.IndexOutOfBoundsException
   Serialization status
      Instantiable
   Path
      'java.lang.IndexOutOfBoundsException' is reachable as a subtype of type 'class java.lang.Exception'
      Started from 'java.lang.Exception'

java.lang.Long
   Serialization status
      Instantiable
   Path
      'java.lang.Long' is reachable as a subtype of type 'class java.lang.Long'
      Started from 'java.lang.Long'

java.lang.NegativeArraySizeException
   Serialization status
      Instantiable
   Path
      'java.lang.NegativeArraySizeException' is reachable as a subtype of type 'class java.lang.Exception'
      Started from 'java.lang.Exception'

java.lang.NullPointerException
   Serialization status
      Instantiable
   Path
      'java.lang.NullPointerException' is reachable as a subtype of type 'class java.lang.Exception'
      Started from 'java.lang.Exception'

java.lang.Number
   Serialization status
      Field serializable
   Path
      'java.lang.Number' is reachable as a supertype of type 'class java.lang.Long'
      'java.lang.Long' is reachable as a subtype of type 'class java.lang.Long'
      Started from 'java.lang.Long'

java.lang.NumberFormatException
   Serialization status
      Instantiable
   Path
      'java.lang.NumberFormatException' is reachable as a subtype of type 'class java.lang.Exception'
      Started from 'java.lang.Exception'

java.lang.RuntimeException
   Serialization status
      Instantiable
   Path
      'java.lang.RuntimeException' is reachable as a supertype of type 'class com.google.gwt.user.client.rpc.IncompatibleRemoteServiceException'
      'com.google.gwt.user.client.rpc.IncompatibleRemoteServiceException' is reachable as a subtype of type 'class com.google.gwt.user.client.rpc.IncompatibleRemoteServiceException'
      Started from 'com.google.gwt.user.client.rpc.IncompatibleRemoteServiceException'

java.lang.String
   Serialization status
      Instantiable
   Path
      'java.lang.String' is reachable as a subtype of type 'class java.lang.String'
      Started from 'java.lang.String'

java.lang.StringIndexOutOfBoundsException
   Serialization status
      Instantiable
   Path
      'java.lang.StringIndexOutOfBoundsException' is reachable as a subtype of type 'class java.lang.Exception'
      Started from 'java.lang.Exception'

java.lang.Throwable
   Serialization status
      Field serializable
   Path
      'java.lang.Throwable' is reachable as a supertype of type 'class java.lang.Exception'
      'java.lang.Exception' is reachable as a supertype of type 'class java.lang.RuntimeException'
      'java.lang.RuntimeException' is reachable as a supertype of type 'class com.google.gwt.user.client.rpc.IncompatibleRemoteServiceException'
      'com.google.gwt.user.client.rpc.IncompatibleRemoteServiceException' is reachable as a subtype of type 'class com.google.gwt.user.client.rpc.IncompatibleRemoteServiceException'
      Started from 'com.google.gwt.user.client.rpc.IncompatibleRemoteServiceException'

java.lang.UnsupportedOperationException
   Serialization status
      Instantiable
   Path
      'java.lang.UnsupportedOperationException' is reachable as a subtype of type 'class java.lang.Exception'
      Started from 'java.lang.Exception'

java.lang.annotation.AnnotationTypeMismatchException
   Serialization status
      Instantiable
   Path
      'java.lang.annotation.AnnotationTypeMismatchException' is reachable as a subtype of type 'class java.lang.Exception'
      Started from 'java.lang.Exception'

java.util.ConcurrentModificationException
   Serialization status
      Instantiable
   Path
      'java.util.ConcurrentModificationException' is reachable as a subtype of type 'class java.lang.Exception'
      Started from 'java.lang.Exception'

java.util.EmptyStackException
   Serialization status
      Instantiable
   Path
      'java.util.EmptyStackException' is reachable as a subtype of type 'class java.lang.Exception'
      Started from 'java.lang.Exception'

java.util.HashMap<java.lang.String, java.lang.String>
   Serialization status
      Field serializable
   Path
      'java.util.HashMap<java.lang.String, java.lang.String>' is reachable as a supertype of type 'class com.google.gwt.i18n.client.impl.ConstantMap'
      'com.google.gwt.i18n.client.impl.ConstantMap' is reachable as a subtype of type 'interface java.util.Map<java.lang.String, java.lang.Object>'
      Started from 'java.util.Map<java.lang.String, java.lang.Object>'

java.util.HashMap<java.lang.String, java.lang.Object>
   Serialization status
      Instantiable
   Path
      'java.util.HashMap<java.lang.String, java.lang.Object>' is reachable as a subtype of type 'interface java.util.Map<java.lang.String, java.lang.Object>'
      Started from 'java.util.Map<java.lang.String, java.lang.Object>'

java.util.IdentityHashMap<java.lang.String, java.lang.Object>
   Serialization status
      Instantiable
   Path
      'java.util.IdentityHashMap<java.lang.String, java.lang.Object>' is reachable as a subtype of type 'interface java.util.Map<java.lang.String, java.lang.Object>'
      Started from 'java.util.Map<java.lang.String, java.lang.Object>'

java.util.LinkedHashMap<java.lang.String, java.lang.Object>
   Serialization status
      Instantiable
   Path
      'java.util.LinkedHashMap<java.lang.String, java.lang.Object>' is reachable as a subtype of type 'interface java.util.Map<java.lang.String, java.lang.Object>'
      Started from 'java.util.Map<java.lang.String, java.lang.Object>'

java.util.NoSuchElementException
   Serialization status
      Instantiable
   Path
      'java.util.NoSuchElementException' is reachable as a subtype of type 'class java.lang.Exception'
      Started from 'java.lang.Exception'

java.util.TooManyListenersException
   Serialization status
      Instantiable
   Path
      'java.util.TooManyListenersException' is reachable as a subtype of type 'class java.lang.Exception'
      Started from 'java.lang.Exception'

